C:\Users\mkail\AppData\Local\Programs\Python\Python313\Lib\site-packages\requests\__init__.py:113: RequestsDependencyWarning: urllib3 (2.3.0) or chardet (6.0.0.post1)/charset_normalizer (3.4.4) doesn't match a supported version!
  warnings.warn(
Watching for file changes with StatReloader
C:\Users\mkail\AppData\Local\Programs\Python\Python313\Lib\site-packages\requests\__init__.py:113: RequestsDependencyWarning: urllib3 (2.3.0) or chardet (6.0.0.post1)/charset_normalizer (3.4.4) doesn't match a supported version!
  warnings.warn(
[16/May/2026 15:38:00] "GET / HTTP/1.1" 200 9299
[16/May/2026 15:38:00] "GET /static/css/app.css HTTP/1.1" 304 0
[16/May/2026 15:38:00] "GET /static/js/app.js HTTP/1.1" 304 0
[16/May/2026 15:38:00] "GET /static/js/dashboard.js HTTP/1.1" 200 13280
[16/May/2026 15:38:00] "GET /api/admin-client HTTP/1.1" 200 85
[16/May/2026 15:38:00] "GET /api/clients HTTP/1.1" 200 495
Not Found: /favicon.ico
[16/May/2026 15:38:00] "GET /favicon.ico HTTP/1.1" 404 3223
[16/May/2026 15:38:04] "GET /client/E8B61TWC HTTP/1.1" 301 0
[16/May/2026 15:38:04] "GET /client/E8B61TWC/ HTTP/1.1" 200 16316
[16/May/2026 15:38:04] "GET /static/js/detail.js HTTP/1.1" 200 23336
[16/May/2026 15:38:04] "GET /api/clients/E8B61TWC HTTP/1.1" 200 415
[16/May/2026 15:38:04] "GET /api/clients/E8B61TWC/scan-config HTTP/1.1" 200 40
[16/May/2026 15:38:07] "GET /api/clients/E8B61TWC HTTP/1.1" 200 415
[16/May/2026 15:38:07] "GET /api/clients/E8B61TWC/scan-config HTTP/1.1" 200 40
[16/May/2026 15:38:09] "GET / HTTP/1.1" 200 9299
[16/May/2026 15:38:09] "GET /api/clients HTTP/1.1" 200 495
[16/May/2026 15:38:09] "GET /api/admin-client HTTP/1.1" 200 85
[16/May/2026 15:38:12] "POST /api/clients/E8B61TWC/scan-now HTTP/1.1" 200 87
[16/May/2026 15:38:14] "GET /api/clients HTTP/1.1" 200 495
[16/May/2026 15:38:14] "GET /api/admin-client HTTP/1.1" 200 85
[16/May/2026 15:38:15] "GET /api/clients HTTP/1.1" 200 495
[16/May/2026 15:38:15] "GET /api/admin-client HTTP/1.1" 200 85
[16/May/2026 15:38:17] "GET /client/E8B61TWC/ HTTP/1.1" 200 16316
[16/May/2026 15:38:17] "GET /api/clients/E8B61TWC HTTP/1.1" 200 415
[16/May/2026 15:38:17] "GET /api/clients/E8B61TWC/scan-config HTTP/1.1" 200 40
[16/May/2026 15:38:20] "GET /api/clients/E8B61TWC HTTP/1.1" 200 415
[16/May/2026 15:38:20] "GET /api/clients/E8B61TWC/scan-config HTTP/1.1" 200 40
[16/May/2026 15:38:23] "GET /api/clients/E8B61TWC HTTP/1.1" 200 415
[16/May/2026 15:38:23] "GET /api/clients/E8B61TWC/scan-config HTTP/1.1" 200 40
[16/May/2026 15:38:26] "GET /api/clients/E8B61TWC HTTP/1.1" 200 415
[16/May/2026 15:38:26] "GET /api/clients/E8B61TWC/scan-config HTTP/1.1" 200 40
[16/May/2026 15:38:29] "GET /api/clients/E8B61TWC HTTP/1.1" 200 415
[16/May/2026 15:38:29] "GET /api/clients/E8B61TWC/scan-config HTTP/1.1" 200 40
[16/May/2026 15:38:32] "GET /api/clients/E8B61TWC HTTP/1.1" 200 415
[16/May/2026 15:38:32] "GET /api/clients/E8B61TWC/scan-config HTTP/1.1" 200 40
[16/May/2026 15:38:35] "GET /api/clients/E8B61TWC HTTP/1.1" 200 415
[16/May/2026 15:38:35] "GET /api/clients/E8B61TWC/scan-config HTTP/1.1" 200 40
[16/May/2026 15:38:38] "GET /api/clients/E8B61TWC HTTP/1.1" 200 415
[16/May/2026 15:38:38] "GET /api/clients/E8B61TWC/scan-config HTTP/1.1" 200 40
[16/May/2026 15:38:41] "GET /api/clients/E8B61TWC HTTP/1.1" 200 415
[16/May/2026 15:38:41] "GET /api/clients/E8B61TWC/scan-config HTTP/1.1" 200 40
[16/May/2026 15:38:44] "GET /api/clients/E8B61TWC HTTP/1.1" 200 415
[16/May/2026 15:38:44] "GET /api/clients/E8B61TWC/scan-config HTTP/1.1" 200 40
[16/May/2026 15:38:47] "GET /api/clients/E8B61TWC HTTP/1.1" 200 415
[16/May/2026 15:38:47] "GET /api/clients/E8B61TWC/scan-config HTTP/1.1" 200 40
[16/May/2026 15:38:50] "GET /api/clients/E8B61TWC HTTP/1.1" 200 415
[16/May/2026 15:38:50] "GET /api/clients/E8B61TWC/scan-config HTTP/1.1" 200 40
[16/May/2026 15:38:53] "GET /api/clients/E8B61TWC HTTP/1.1" 200 415
[16/May/2026 15:38:53] "GET /api/clients/E8B61TWC/scan-config HTTP/1.1" 200 40
[16/May/2026 15:38:56] "GET /api/clients/E8B61TWC HTTP/1.1" 200 415
[16/May/2026 15:38:56] "GET /api/clients/E8B61TWC/scan-config HTTP/1.1" 200 40
[16/May/2026 15:38:59] "GET /api/clients/E8B61TWC HTTP/1.1" 200 415
[16/May/2026 15:38:59] "GET /api/clients/E8B61TWC/scan-config HTTP/1.1" 200 40
[16/May/2026 15:39:02] "GET /api/clients/E8B61TWC HTTP/1.1" 200 415
[16/May/2026 15:39:02] "GET /api/clients/E8B61TWC/scan-config HTTP/1.1" 200 40
[16/May/2026 15:39:05] "GET /api/clients/E8B61TWC HTTP/1.1" 200 415
[16/May/2026 15:39:05] "GET /api/clients/E8B61TWC/scan-config HTTP/1.1" 200 40
[16/May/2026 15:39:08] "GET /api/clients/E8B61TWC HTTP/1.1" 200 415
[16/May/2026 15:39:08] "GET /api/clients/E8B61TWC/scan-config HTTP/1.1" 200 40
[16/May/2026 15:39:11] "GET /api/clients/E8B61TWC HTTP/1.1" 200 415
[16/May/2026 15:39:11] "GET /api/clients/E8B61TWC/scan-config HTTP/1.1" 200 40
[16/May/2026 15:39:14] "GET /api/clients/E8B61TWC HTTP/1.1" 200 415
[16/May/2026 15:39:14] "GET /api/clients/E8B61TWC/scan-config HTTP/1.1" 200 40
[16/May/2026 15:39:17] "GET /api/clients/E8B61TWC HTTP/1.1" 200 415
[16/May/2026 15:39:17] "GET /api/clients/E8B61TWC/scan-config HTTP/1.1" 200 40
[16/May/2026 15:39:20] "GET /api/clients/E8B61TWC HTTP/1.1" 200 415
[16/May/2026 15:39:20] "GET /api/clients/E8B61TWC/scan-config HTTP/1.1" 200 40
[16/May/2026 15:39:23] "GET /api/clients/E8B61TWC HTTP/1.1" 200 415
[16/May/2026 15:39:23] "GET /api/clients/E8B61TWC/scan-config HTTP/1.1" 200 40
[16/May/2026 15:39:26] "GET /api/clients/E8B61TWC HTTP/1.1" 200 415
[16/May/2026 15:39:26] "GET /api/clients/E8B61TWC/scan-config HTTP/1.1" 200 40
[16/May/2026 15:39:29] "GET /api/clients/E8B61TWC HTTP/1.1" 200 415
[16/May/2026 15:39:29] "GET /api/clients/E8B61TWC/scan-config HTTP/1.1" 200 40
[16/May/2026 15:39:32] "GET /api/clients/E8B61TWC HTTP/1.1" 200 415
[16/May/2026 15:39:32] "GET /api/clients/E8B61TWC/scan-config HTTP/1.1" 200 40
[16/May/2026 15:39:35] "GET /api/clients/E8B61TWC HTTP/1.1" 200 415
[16/May/2026 15:39:35] "GET /api/clients/E8B61TWC/scan-config HTTP/1.1" 200 40
[16/May/2026 15:39:38] "GET /api/clients/E8B61TWC HTTP/1.1" 200 415
[16/May/2026 15:39:38] "GET /api/clients/E8B61TWC/scan-config HTTP/1.1" 200 40
[16/May/2026 15:39:41] "GET /api/clients/E8B61TWC HTTP/1.1" 200 415
[16/May/2026 15:39:41] "GET /api/clients/E8B61TWC/scan-config HTTP/1.1" 200 40
[16/May/2026 15:39:44] "GET /api/clients/E8B61TWC HTTP/1.1" 200 415
[16/May/2026 15:39:44] "GET /api/clients/E8B61TWC/scan-config HTTP/1.1" 200 40
[16/May/2026 15:39:47] "GET /api/clients/E8B61TWC HTTP/1.1" 200 415
[16/May/2026 15:39:47] "GET /api/clients/E8B61TWC/scan-config HTTP/1.1" 200 40
[16/May/2026 15:39:50] "GET /api/clients/E8B61TWC HTTP/1.1" 200 415
[16/May/2026 15:39:50] "GET /api/clients/E8B61TWC/scan-config HTTP/1.1" 200 40
[16/May/2026 15:39:53] "GET /api/clients/E8B61TWC HTTP/1.1" 200 415
[16/May/2026 15:39:53] "GET /api/clients/E8B61TWC/scan-config HTTP/1.1" 200 40
[16/May/2026 15:39:56] "GET /api/clients/E8B61TWC HTTP/1.1" 200 415
[16/May/2026 15:39:56] "GET /api/clients/E8B61TWC/scan-config HTTP/1.1" 200 40
[16/May/2026 15:39:59] "GET /api/clients/E8B61TWC HTTP/1.1" 200 415
[16/May/2026 15:39:59] "GET /api/clients/E8B61TWC/scan-config HTTP/1.1" 200 40
[16/May/2026 15:40:02] "GET /api/clients/E8B61TWC HTTP/1.1" 200 415
[16/May/2026 15:40:02] "GET /api/clients/E8B61TWC/scan-config HTTP/1.1" 200 40
[16/May/2026 15:40:05] "GET /api/clients/E8B61TWC HTTP/1.1" 200 415
[16/May/2026 15:40:05] "GET /api/clients/E8B61TWC/scan-config HTTP/1.1" 200 40
[16/May/2026 15:40:08] "GET /api/clients/E8B61TWC HTTP/1.1" 200 415
[16/May/2026 15:40:08] "GET /api/clients/E8B61TWC/scan-config HTTP/1.1" 200 40
[16/May/2026 15:40:11] "GET /api/clients/E8B61TWC HTTP/1.1" 200 415
[16/May/2026 15:40:11] "GET /api/clients/E8B61TWC/scan-config HTTP/1.1" 200 40
[16/May/2026 15:40:14] "GET /api/clients/E8B61TWC HTTP/1.1" 200 415
[16/May/2026 15:40:14] "GET /api/clients/E8B61TWC/scan-config HTTP/1.1" 200 40
[16/May/2026 15:40:17] "GET /api/clients/E8B61TWC HTTP/1.1" 200 415
[16/May/2026 15:40:17] "GET /api/clients/E8B61TWC/scan-config HTTP/1.1" 200 40
[16/May/2026 15:40:20] "GET /api/clients/E8B61TWC HTTP/1.1" 200 415
[16/May/2026 15:40:20] "GET /api/clients/E8B61TWC/scan-config HTTP/1.1" 200 40
[16/May/2026 15:40:23] "GET /api/clients/E8B61TWC HTTP/1.1" 200 415
[16/May/2026 15:40:23] "GET /api/clients/E8B61TWC/scan-config HTTP/1.1" 200 40
[16/May/2026 15:40:26] "GET /api/clients/E8B61TWC HTTP/1.1" 200 415
[16/May/2026 15:40:26] "GET /api/clients/E8B61TWC/scan-config HTTP/1.1" 200 40
[16/May/2026 15:40:29] "GET /api/clients/E8B61TWC HTTP/1.1" 200 415
[16/May/2026 15:40:29] "GET /api/clients/E8B61TWC/scan-config HTTP/1.1" 200 40
[16/May/2026 15:40:32] "GET /api/clients/E8B61TWC HTTP/1.1" 200 415
[16/May/2026 15:40:32] "GET /api/clients/E8B61TWC/scan-config HTTP/1.1" 200 40
[16/May/2026 15:40:35] "GET /api/clients/E8B61TWC HTTP/1.1" 200 415
[16/May/2026 15:40:35] "GET /api/clients/E8B61TWC/scan-config HTTP/1.1" 200 40
[16/May/2026 15:40:38] "GET /api/clients/E8B61TWC HTTP/1.1" 200 415
[16/May/2026 15:40:38] "GET /api/clients/E8B61TWC/scan-config HTTP/1.1" 200 40
[16/May/2026 15:40:41] "GET /api/clients/E8B61TWC HTTP/1.1" 200 415
[16/May/2026 15:40:41] "GET /api/clients/E8B61TWC/scan-config HTTP/1.1" 200 40
[16/May/2026 15:40:44] "GET /api/clients/E8B61TWC HTTP/1.1" 200 415
[16/May/2026 15:40:44] "GET /api/clients/E8B61TWC/scan-config HTTP/1.1" 200 40
[16/May/2026 15:40:47] "GET /api/clients/E8B61TWC HTTP/1.1" 200 415
[16/May/2026 15:40:47] "GET /api/clients/E8B61TWC/scan-config HTTP/1.1" 200 40
[16/May/2026 15:40:50] "GET /api/clients/E8B61TWC HTTP/1.1" 200 415
[16/May/2026 15:40:50] "GET /api/clients/E8B61TWC/scan-config HTTP/1.1" 200 40
[16/May/2026 15:40:53] "GET /api/clients/E8B61TWC HTTP/1.1" 200 415
[16/May/2026 15:40:53] "GET /api/clients/E8B61TWC/scan-config HTTP/1.1" 200 40
[16/May/2026 15:40:56] "GET /api/clients/E8B61TWC HTTP/1.1" 200 415
[16/May/2026 15:40:56] "GET /api/clients/E8B61TWC/scan-config HTTP/1.1" 200 40
[16/May/2026 15:40:59] "GET /api/clients/E8B61TWC HTTP/1.1" 200 415
[16/May/2026 15:40:59] "GET /api/clients/E8B61TWC/scan-config HTTP/1.1" 200 40
[16/May/2026 15:41:02] "GET /api/clients/E8B61TWC HTTP/1.1" 200 415
[16/May/2026 15:41:02] "GET /api/clients/E8B61TWC/scan-config HTTP/1.1" 200 40
[16/May/2026 15:41:05] "GET /api/clients/E8B61TWC HTTP/1.1" 200 415
[16/May/2026 15:41:05] "GET /api/clients/E8B61TWC/scan-config HTTP/1.1" 200 40
[16/May/2026 15:41:08] "GET /api/clients/E8B61TWC HTTP/1.1" 200 415
[16/May/2026 15:41:08] "GET /api/clients/E8B61TWC/scan-config HTTP/1.1" 200 40
[16/May/2026 15:41:11] "GET /api/clients/E8B61TWC HTTP/1.1" 200 415
[16/May/2026 15:41:11] "GET /api/clients/E8B61TWC/scan-config HTTP/1.1" 200 40
[16/May/2026 15:41:14] "GET /api/clients/E8B61TWC HTTP/1.1" 200 415
[16/May/2026 15:41:14] "GET /api/clients/E8B61TWC/scan-config HTTP/1.1" 200 40
[16/May/2026 15:41:17] "GET /api/clients/E8B61TWC HTTP/1.1" 200 415
[16/May/2026 15:41:17] "GET /api/clients/E8B61TWC/scan-config HTTP/1.1" 200 40
[16/May/2026 15:41:20] "GET /api/clients/E8B61TWC HTTP/1.1" 200 415
[16/May/2026 15:41:20] "GET /api/clients/E8B61TWC/scan-config HTTP/1.1" 200 40
[16/May/2026 15:41:23] "GET /api/clients/E8B61TWC HTTP/1.1" 200 415
[16/May/2026 15:41:23] "GET /api/clients/E8B61TWC/scan-config HTTP/1.1" 200 40
[16/May/2026 15:41:26] "GET /api/clients/E8B61TWC HTTP/1.1" 200 415
[16/May/2026 15:41:26] "GET /api/clients/E8B61TWC/scan-config HTTP/1.1" 200 40
[16/May/2026 15:41:29] "GET /api/clients/E8B61TWC HTTP/1.1" 200 415
[16/May/2026 15:41:29] "GET /api/clients/E8B61TWC/scan-config HTTP/1.1" 200 40
[16/May/2026 15:41:32] "GET /api/clients/E8B61TWC HTTP/1.1" 200 415
[16/May/2026 15:41:32] "GET /api/clients/E8B61TWC/scan-config HTTP/1.1" 200 40
[16/May/2026 15:41:35] "GET /api/clients/E8B61TWC HTTP/1.1" 200 415
[16/May/2026 15:41:35] "GET /api/clients/E8B61TWC/scan-config HTTP/1.1" 200 40
[16/May/2026 15:41:38] "GET /api/clients/E8B61TWC HTTP/1.1" 200 415
[16/May/2026 15:41:38] "GET /api/clients/E8B61TWC/scan-config HTTP/1.1" 200 40
[16/May/2026 15:41:41] "GET /api/clients/E8B61TWC HTTP/1.1" 200 415
[16/May/2026 15:41:41] "GET /api/clients/E8B61TWC/scan-config HTTP/1.1" 200 40
[16/May/2026 15:41:44] "GET /api/clients/E8B61TWC HTTP/1.1" 200 415
[16/May/2026 15:41:44] "GET /api/clients/E8B61TWC/scan-config HTTP/1.1" 200 40
[16/May/2026 15:41:47] "GET /api/clients/E8B61TWC HTTP/1.1" 200 415
[16/May/2026 15:41:47] "GET /api/clients/E8B61TWC/scan-config HTTP/1.1" 200 40
[16/May/2026 15:41:50] "GET /api/clients/E8B61TWC HTTP/1.1" 200 415
[16/May/2026 15:41:50] "GET /api/clients/E8B61TWC/scan-config HTTP/1.1" 200 40
[16/May/2026 15:41:53] "GET /api/clients/E8B61TWC HTTP/1.1" 200 415
[16/May/2026 15:41:53] "GET /api/clients/E8B61TWC/scan-config HTTP/1.1" 200 40
[16/May/2026 15:41:56] "GET /api/clients/E8B61TWC HTTP/1.1" 200 415
[16/May/2026 15:41:56] "GET /api/clients/E8B61TWC/scan-config HTTP/1.1" 200 40
[16/May/2026 15:41:59] "GET /api/clients/E8B61TWC HTTP/1.1" 200 415
[16/May/2026 15:41:59] "GET /api/clients/E8B61TWC/scan-config HTTP/1.1" 200 40
[16/May/2026 15:42:02] "GET /api/clients/E8B61TWC HTTP/1.1" 200 415
[16/May/2026 15:42:02] "GET /api/clients/E8B61TWC/scan-config HTTP/1.1" 200 40
[16/May/2026 15:42:05] "GET /api/clients/E8B61TWC HTTP/1.1" 200 415
[16/May/2026 15:42:05] "GET /api/clients/E8B61TWC/scan-config HTTP/1.1" 200 40
[16/May/2026 15:42:08] "GET /api/clients/E8B61TWC HTTP/1.1" 200 415
[16/May/2026 15:42:08] "GET /api/clients/E8B61TWC/scan-config HTTP/1.1" 200 40
[16/May/2026 15:42:11] "GET /api/clients/E8B61TWC HTTP/1.1" 200 415
[16/May/2026 15:42:11] "GET /api/clients/E8B61TWC/scan-config HTTP/1.1" 200 40
[16/May/2026 15:42:14] "GET /api/clients/E8B61TWC HTTP/1.1" 200 415
[16/May/2026 15:42:14] "GET /api/clients/E8B61TWC/scan-config HTTP/1.1" 200 40
[16/May/2026 15:42:17] "GET /api/clients/E8B61TWC HTTP/1.1" 200 415
[16/May/2026 15:42:17] "GET /api/clients/E8B61TWC/scan-config HTTP/1.1" 200 40
[16/May/2026 15:42:20] "GET /api/clients/E8B61TWC HTTP/1.1" 200 415
[16/May/2026 15:42:20] "GET /api/clients/E8B61TWC/scan-config HTTP/1.1" 200 40
[16/May/2026 15:42:23] "GET /api/clients/E8B61TWC HTTP/1.1" 200 415
[16/May/2026 15:42:23] "GET /api/clients/E8B61TWC/scan-config HTTP/1.1" 200 40
[16/May/2026 15:42:26] "GET /api/clients/E8B61TWC HTTP/1.1" 200 415
[16/May/2026 15:42:26] "GET /api/clients/E8B61TWC/scan-config HTTP/1.1" 200 40
[16/May/2026 15:42:29] "GET /api/clients/E8B61TWC HTTP/1.1" 200 415
[16/May/2026 15:42:29] "GET /api/clients/E8B61TWC/scan-config HTTP/1.1" 200 40
[16/May/2026 15:42:32] "GET /api/clients/E8B61TWC HTTP/1.1" 200 415
[16/May/2026 15:42:32] "GET /api/clients/E8B61TWC/scan-config HTTP/1.1" 200 40
[16/May/2026 15:42:35] "GET /api/clients/E8B61TWC HTTP/1.1" 200 415
[16/May/2026 15:42:35] "GET /api/clients/E8B61TWC/scan-config HTTP/1.1" 200 40
[16/May/2026 15:42:38] "GET /api/clients/E8B61TWC HTTP/1.1" 200 415
[16/May/2026 15:42:38] "GET /api/clients/E8B61TWC/scan-config HTTP/1.1" 200 40
[16/May/2026 15:42:41] "GET /api/clients/E8B61TWC HTTP/1.1" 200 415
[16/May/2026 15:42:41] "GET /api/clients/E8B61TWC/scan-config HTTP/1.1" 200 40
[16/May/2026 15:42:44] "GET /api/clients/E8B61TWC HTTP/1.1" 200 415
[16/May/2026 15:42:44] "GET /api/clients/E8B61TWC/scan-config HTTP/1.1" 200 40
[16/May/2026 15:42:47] "GET /api/clients/E8B61TWC HTTP/1.1" 200 415
[16/May/2026 15:42:47] "GET /api/clients/E8B61TWC/scan-config HTTP/1.1" 200 40
[16/May/2026 15:42:50] "GET /api/clients/E8B61TWC HTTP/1.1" 200 415
[16/May/2026 15:42:50] "GET /api/clients/E8B61TWC/scan-config HTTP/1.1" 200 40
[16/May/2026 15:42:53] "GET /api/clients/E8B61TWC HTTP/1.1" 200 415
[16/May/2026 15:42:53] "GET /api/clients/E8B61TWC/scan-config HTTP/1.1" 200 40
[16/May/2026 15:42:56] "GET /api/clients/E8B61TWC HTTP/1.1" 200 415
[16/May/2026 15:42:56] "GET /api/clients/E8B61TWC/scan-config HTTP/1.1" 200 40
[16/May/2026 15:42:59] "GET /api/clients/E8B61TWC HTTP/1.1" 200 415
[16/May/2026 15:42:59] "GET /api/clients/E8B61TWC/scan-config HTTP/1.1" 200 40
[16/May/2026 15:43:02] "GET /api/clients/E8B61TWC HTTP/1.1" 200 415
[16/May/2026 15:43:02] "GET /api/clients/E8B61TWC/scan-config HTTP/1.1" 200 40
[16/May/2026 15:43:05] "GET /api/clients/E8B61TWC HTTP/1.1" 200 415
[16/May/2026 15:43:05] "GET /api/clients/E8B61TWC/scan-config HTTP/1.1" 200 40
[16/May/2026 15:43:08] "GET /api/clients/E8B61TWC HTTP/1.1" 200 415
[16/May/2026 15:43:08] "GET /api/clients/E8B61TWC/scan-config HTTP/1.1" 200 40
[16/May/2026 15:43:11] "GET /api/clients/E8B61TWC HTTP/1.1" 200 415
[16/May/2026 15:43:11] "GET /api/clients/E8B61TWC/scan-config HTTP/1.1" 200 40
[16/May/2026 15:43:14] "GET /api/clients/E8B61TWC HTTP/1.1" 200 415
[16/May/2026 15:43:14] "GET /api/clients/E8B61TWC/scan-config HTTP/1.1" 200 40
[16/May/2026 15:43:17] "GET /api/clients/E8B61TWC HTTP/1.1" 200 415
[16/May/2026 15:43:17] "GET /api/clients/E8B61TWC/scan-config HTTP/1.1" 200 40
[16/May/2026 15:43:20] "GET /api/clients/E8B61TWC HTTP/1.1" 200 415
[16/May/2026 15:43:20] "GET /api/clients/E8B61TWC/scan-config HTTP/1.1" 200 40
[16/May/2026 15:43:23] "GET /api/clients/E8B61TWC HTTP/1.1" 200 415
[16/May/2026 15:43:23] "GET /api/clients/E8B61TWC/scan-config HTTP/1.1" 200 40
[16/May/2026 15:43:26] "GET /api/clients/E8B61TWC HTTP/1.1" 200 415
[16/May/2026 15:43:26] "GET /api/clients/E8B61TWC/scan-config HTTP/1.1" 200 40
[16/May/2026 15:43:29] "GET /api/clients/E8B61TWC HTTP/1.1" 200 415
[16/May/2026 15:43:29] "GET /api/clients/E8B61TWC/scan-config HTTP/1.1" 200 40
[16/May/2026 15:43:32] "GET /api/clients/E8B61TWC HTTP/1.1" 200 415
[16/May/2026 15:43:32] "GET /api/clients/E8B61TWC/scan-config HTTP/1.1" 200 40
[16/May/2026 15:43:35] "GET /api/clients/E8B61TWC HTTP/1.1" 200 415
[16/May/2026 15:43:35] "GET /api/clients/E8B61TWC/scan-config HTTP/1.1" 200 40
[16/May/2026 15:43:38] "GET /api/clients/E8B61TWC HTTP/1.1" 200 415
[16/May/2026 15:43:38] "GET /api/clients/E8B61TWC/scan-config HTTP/1.1" 200 40
[16/May/2026 15:43:41] "GET /api/clients/E8B61TWC HTTP/1.1" 200 415
[16/May/2026 15:43:41] "GET /api/clients/E8B61TWC/scan-config HTTP/1.1" 200 40
[16/May/2026 15:43:44] "GET /api/clients/E8B61TWC HTTP/1.1" 200 415
[16/May/2026 15:43:44] "GET /api/clients/E8B61TWC/scan-config HTTP/1.1" 200 40
[16/May/2026 15:43:47] "GET /api/clients/E8B61TWC HTTP/1.1" 200 415
[16/May/2026 15:43:47] "GET /api/clients/E8B61TWC/scan-config HTTP/1.1" 200 40
[16/May/2026 15:43:50] "GET /api/clients/E8B61TWC HTTP/1.1" 200 415
[16/May/2026 15:43:50] "GET /api/clients/E8B61TWC/scan-config HTTP/1.1" 200 40
[16/May/2026 15:43:53] "GET /api/clients/E8B61TWC HTTP/1.1" 200 415
[16/May/2026 15:43:53] "GET /api/clients/E8B61TWC/scan-config HTTP/1.1" 200 40
[16/May/2026 15:43:56] "GET /api/clients/E8B61TWC HTTP/1.1" 200 415
[16/May/2026 15:43:56] "GET /api/clients/E8B61TWC/scan-config HTTP/1.1" 200 40
[16/May/2026 15:43:59] "GET /api/clients/E8B61TWC HTTP/1.1" 200 415
[16/May/2026 15:43:59] "GET /api/clients/E8B61TWC/scan-config HTTP/1.1" 200 40
[16/May/2026 15:44:02] "GET /api/clients/E8B61TWC HTTP/1.1" 200 415
[16/May/2026 15:44:02] "GET /api/clients/E8B61TWC/scan-config HTTP/1.1" 200 40
[16/May/2026 15:44:05] "GET /api/clients/E8B61TWC HTTP/1.1" 200 415
[16/May/2026 15:44:05] "GET /api/clients/E8B61TWC/scan-config HTTP/1.1" 200 40
[16/May/2026 15:44:08] "GET /api/clients/E8B61TWC HTTP/1.1" 200 415
[16/May/2026 15:44:08] "GET /api/clients/E8B61TWC/scan-config HTTP/1.1" 200 40
[16/May/2026 15:44:11] "GET /api/clients/E8B61TWC HTTP/1.1" 200 415
[16/May/2026 15:44:11] "GET /api/clients/E8B61TWC/scan-config HTTP/1.1" 200 40
[16/May/2026 15:44:14] "GET /api/clients/E8B61TWC HTTP/1.1" 200 415
[16/May/2026 15:44:14] "GET /api/clients/E8B61TWC/scan-config HTTP/1.1" 200 40
[16/May/2026 15:44:17] "GET /api/clients/E8B61TWC HTTP/1.1" 200 415
[16/May/2026 15:44:17] "GET /api/clients/E8B61TWC/scan-config HTTP/1.1" 200 40
[16/May/2026 15:44:20] "GET /api/clients/E8B61TWC HTTP/1.1" 200 415
[16/May/2026 15:44:20] "GET /api/clients/E8B61TWC/scan-config HTTP/1.1" 200 40
[16/May/2026 15:44:24] "GET /api/clients/E8B61TWC HTTP/1.1" 200 415
[16/May/2026 15:44:24] "GET /api/clients/E8B61TWC/scan-config HTTP/1.1" 200 40
[16/May/2026 15:44:27] "GET /api/clients/E8B61TWC HTTP/1.1" 200 415
[16/May/2026 15:44:27] "GET /api/clients/E8B61TWC/scan-config HTTP/1.1" 200 40
[16/May/2026 15:44:30] "GET /api/clients/E8B61TWC HTTP/1.1" 200 415
[16/May/2026 15:44:30] "GET /api/clients/E8B61TWC/scan-config HTTP/1.1" 200 40
[16/May/2026 15:44:33] "GET /api/clients/E8B61TWC HTTP/1.1" 200 415
[16/May/2026 15:44:33] "GET /api/clients/E8B61TWC/scan-config HTTP/1.1" 200 40
[16/May/2026 15:44:36] "GET /api/clients/E8B61TWC HTTP/1.1" 200 415
[16/May/2026 15:44:36] "GET /api/clients/E8B61TWC/scan-config HTTP/1.1" 200 40
[16/May/2026 15:44:39] "GET /api/clients/E8B61TWC HTTP/1.1" 200 415
[16/May/2026 15:44:39] "GET /api/clients/E8B61TWC/scan-config HTTP/1.1" 200 40
[16/May/2026 15:53:35] "GET /api/clients/E8B61TWC HTTP/1.1" 200 415
[16/May/2026 15:53:35] "GET /api/clients/E8B61TWC/scan-config HTTP/1.1" 200 40
[16/May/2026 15:53:35] "GET /api/clients/E8B61TWC HTTP/1.1" 200 415
[16/May/2026 15:53:35] "GET /api/clients/E8B61TWC/scan-config HTTP/1.1" 200 40
[16/May/2026 15:53:38] "GET /api/clients/E8B61TWC HTTP/1.1" 200 415
[16/May/2026 15:53:38] "GET /api/clients/E8B61TWC/scan-config HTTP/1.1" 200 40
[16/May/2026 15:53:41] "GET /api/clients/E8B61TWC HTTP/1.1" 200 415
[16/May/2026 15:53:41] "GET /api/clients/E8B61TWC/scan-config HTTP/1.1" 200 40
[16/May/2026 15:53:44] "GET /api/clients/E8B61TWC HTTP/1.1" 200 415
[16/May/2026 15:53:44] "GET /api/clients/E8B61TWC/scan-config HTTP/1.1" 200 40
[16/May/2026 15:53:47] "GET /api/clients/E8B61TWC HTTP/1.1" 200 415
[16/May/2026 15:53:47] "GET /api/clients/E8B61TWC/scan-config HTTP/1.1" 200 40
[16/May/2026 15:53:51] "GET /api/clients/E8B61TWC HTTP/1.1" 200 415
[16/May/2026 15:53:51] "GET /api/clients/E8B61TWC/scan-config HTTP/1.1" 200 40
[16/May/2026 15:53:54] "GET /api/clients/E8B61TWC HTTP/1.1" 200 415
[16/May/2026 15:53:54] "GET /api/clients/E8B61TWC/scan-config HTTP/1.1" 200 40
[16/May/2026 15:53:57] "GET /api/clients/E8B61TWC HTTP/1.1" 200 415
[16/May/2026 15:53:57] "GET /api/clients/E8B61TWC/scan-config HTTP/1.1" 200 40
[16/May/2026 15:54:00] "GET /api/clients/E8B61TWC HTTP/1.1" 200 415
[16/May/2026 15:54:00] "GET /api/clients/E8B61TWC/scan-config HTTP/1.1" 200 40
[16/May/2026 15:54:03] "GET /api/clients/E8B61TWC HTTP/1.1" 200 415
[16/May/2026 15:54:03] "GET /api/clients/E8B61TWC/scan-config HTTP/1.1" 200 40
[16/May/2026 15:54:06] "GET /api/clients/E8B61TWC HTTP/1.1" 200 415
[16/May/2026 15:54:06] "GET /api/clients/E8B61TWC/scan-config HTTP/1.1" 200 40
[16/May/2026 15:54:09] "GET /api/clients/E8B61TWC HTTP/1.1" 200 415
[16/May/2026 15:54:09] "GET /api/clients/E8B61TWC/scan-config HTTP/1.1" 200 40
[16/May/2026 15:54:12] "GET /api/clients/E8B61TWC HTTP/1.1" 200 415
[16/May/2026 15:54:12] "GET /api/clients/E8B61TWC/scan-config HTTP/1.1" 200 40
[16/May/2026 15:54:15] "GET /api/clients/E8B61TWC HTTP/1.1" 200 415
[16/May/2026 15:54:15] "GET /api/clients/E8B61TWC/scan-config HTTP/1.1" 200 40
[16/May/2026 15:54:18] "GET /api/clients/E8B61TWC HTTP/1.1" 200 415
[16/May/2026 15:54:18] "GET /api/clients/E8B61TWC/scan-config HTTP/1.1" 200 40
[16/May/2026 15:54:21] "GET /api/clients/E8B61TWC HTTP/1.1" 200 415
[16/May/2026 15:54:21] "GET /api/clients/E8B61TWC/scan-config HTTP/1.1" 200 40
[16/May/2026 15:54:24] "GET /api/clients/E8B61TWC HTTP/1.1" 200 415
[16/May/2026 15:54:24] "GET /api/clients/E8B61TWC/scan-config HTTP/1.1" 200 40
[16/May/2026 15:54:27] "GET /api/clients/E8B61TWC HTTP/1.1" 200 415
[16/May/2026 15:54:27] "GET /api/clients/E8B61TWC/scan-config HTTP/1.1" 200 40
[16/May/2026 15:54:30] "GET /api/clients/E8B61TWC HTTP/1.1" 200 415
[16/May/2026 15:54:30] "GET /api/clients/E8B61TWC/scan-config HTTP/1.1" 200 40
[16/May/2026 15:54:33] "GET /api/clients/E8B61TWC HTTP/1.1" 200 415
[16/May/2026 15:54:33] "GET /api/clients/E8B61TWC/scan-config HTTP/1.1" 200 40
[16/May/2026 15:54:36] "GET /api/clients/E8B61TWC HTTP/1.1" 200 415
[16/May/2026 15:54:36] "GET /api/clients/E8B61TWC/scan-config HTTP/1.1" 200 40
[16/May/2026 15:54:39] "GET /api/clients/E8B61TWC HTTP/1.1" 200 415
[16/May/2026 15:54:39] "GET /api/clients/E8B61TWC/scan-config HTTP/1.1" 200 40
[16/May/2026 15:54:42] "GET /api/clients/E8B61TWC HTTP/1.1" 200 415
[16/May/2026 15:54:42] "GET /api/clients/E8B61TWC/scan-config HTTP/1.1" 200 40
[16/May/2026 15:54:45] "GET /api/clients/E8B61TWC HTTP/1.1" 200 415
[16/May/2026 15:54:45] "GET /api/clients/E8B61TWC/scan-config HTTP/1.1" 200 40
[16/May/2026 15:55:35] "GET /api/clients/E8B61TWC HTTP/1.1" 200 415
[16/May/2026 15:55:35] "GET /api/clients/E8B61TWC/scan-config HTTP/1.1" 200 40
